<<<<<<< HEAD
<testsuites name="jest tests" tests="26" failures="0" time="18.604">
  <testsuite name="\src\App.test.js" errors="0" failures="0" skipped="0" timestamp="2021-04-27T13:36:52" time="13.139" tests="26">
    <testcase classname=" renders without crashing" name=" renders without crashing" time="0.268">
    </testcase>
    <testcase classname="testing app.js file checking for navbar" name="testing app.js file checking for navbar" time="0.082">
    </testcase>
    <testcase classname="testing app.js file checking for navbar header" name="testing app.js file checking for navbar header" time="0.042">
    </testcase>
    <testcase classname="testing app.js file checking for Switch" name="testing app.js file checking for Switch" time="0.018">
    </testcase>
    <testcase classname="testing app.js file checking for Redirect" name="testing app.js file checking for Redirect" time="0.025">
    </testcase>
    <testcase classname="testing app.js file checking for Route" name="testing app.js file checking for Route" time="0.055">
    </testcase>
    <testcase classname="testing app.js file checking for Router" name="testing app.js file checking for Router" time="0.016">
    </testcase>
    <testcase classname="testing app.js file checking for navbar nav" name="testing app.js file checking for navbar nav" time="0.019">
    </testcase>
    <testcase classname="testing app.js file checking for navbar link" name="testing app.js file checking for navbar link" time="0.036">
    </testcase>
    <testcase classname="testing viewpackage.js file checking for Drawer" name="testing viewpackage.js file checking for Drawer" time="0.013">
    </testcase>
    <testcase classname="testing viewpackage.js file checking for abouts" name="testing viewpackage.js file checking for abouts" time="0.021">
    </testcase>
    <testcase classname="testing viewpackage.js file checking for Redirect" name="testing viewpackage.js file checking for Redirect" time="0.016">
    </testcase>
    <testcase classname="testing viewpackage.js file checking for class " name="testing viewpackage.js file checking for class " time="0.106">
    </testcase>
    <testcase classname="testing viewpackage.js file checking for showItinerary state" name="testing viewpackage.js file checking for showItinerary state" time="0.02">
    </testcase>
    <testcase classname="testing viewpackage.js file checking for signup section" name="testing viewpackage.js file checking for signup section" time="0.061">
    </testcase>
    <testcase classname="testing viewpackage.js file checking for form group class" name="testing viewpackage.js file checking for form group class" time="0.028">
    </testcase>
    <testcase classname="testing viewpackage.js file checking for showItinerary state" name="testing viewpackage.js file checking for showItinerary state" time="0.025">
    </testcase>
    <testcase classname="testing viewpackage.js file checking for loadHome state" name="testing viewpackage.js file checking for loadHome state" time="0.012">
    </testcase>
    <testcase classname="testing viewpackage.js file checking for register Section" name="testing viewpackage.js file checking for register Section" time="0.084">
    </testcase>
    <testcase classname="testing viewpackage.js file checking for register Page id" name="testing viewpackage.js file checking for register Page id" time="0.08">
    </testcase>
    <testcase classname="testing viewpackage.js file checking for load login state" name="testing viewpackage.js file checking for load login state" time="0.072">
    </testcase>
    <testcase classname="testing viewpackage.js file checking for form group class" name="testing viewpackage.js file checking for form group class" time="0.077">
    </testcase>
    <testcase classname="testing viewpackage.js file checking for changing state" name="testing viewpackage.js file checking for changing state" time="0.075">
    </testcase>
    <testcase classname="testing booking.js file checking for card" name="testing booking.js file checking for card" time="0.011">
    </testcase>
    <testcase classname="testing booking.js file checking for card header" name="testing booking.js file checking for card header" time="0.01">
=======
<<<<<<< HEAD
<testsuites name="jest tests" tests="26" failures="0" time="9.858">
  <testsuite name="\src\App.test.js" errors="0" failures="0" skipped="0" timestamp="2021-04-27T14:36:33" time="7.831" tests="26">
    <testcase classname=" renders without crashing" name=" renders without crashing" time="0.248">
    </testcase>
    <testcase classname="testing app.js file checking for navbar" name="testing app.js file checking for navbar" time="0.068">
    </testcase>
    <testcase classname="testing app.js file checking for navbar header" name="testing app.js file checking for navbar header" time="0.022">
    </testcase>
    <testcase classname="testing app.js file checking for Switch" name="testing app.js file checking for Switch" time="0.023">
    </testcase>
    <testcase classname="testing app.js file checking for Redirect" name="testing app.js file checking for Redirect" time="0.022">
    </testcase>
    <testcase classname="testing app.js file checking for Route" name="testing app.js file checking for Route" time="0.023">
    </testcase>
    <testcase classname="testing app.js file checking for Router" name="testing app.js file checking for Router" time="0.023">
    </testcase>
    <testcase classname="testing app.js file checking for navbar nav" name="testing app.js file checking for navbar nav" time="0.028">
    </testcase>
    <testcase classname="testing app.js file checking for navbar link" name="testing app.js file checking for navbar link" time="0.035">
=======
<testsuites name="jest tests" tests="26" failures="0" time="6.057">
  <testsuite name="\src\App.test.js" errors="0" failures="0" skipped="0" timestamp="2021-04-27T13:47:24" time="5" tests="26">
    <testcase classname=" renders without crashing" name=" renders without crashing" time="0.166">
    </testcase>
    <testcase classname="testing app.js file checking for navbar" name="testing app.js file checking for navbar" time="0.043">
    </testcase>
    <testcase classname="testing app.js file checking for navbar header" name="testing app.js file checking for navbar header" time="0.028">
    </testcase>
    <testcase classname="testing app.js file checking for Switch" name="testing app.js file checking for Switch" time="0.016">
    </testcase>
    <testcase classname="testing app.js file checking for Redirect" name="testing app.js file checking for Redirect" time="0.018">
    </testcase>
    <testcase classname="testing app.js file checking for Route" name="testing app.js file checking for Route" time="0.016">
    </testcase>
    <testcase classname="testing app.js file checking for Router" name="testing app.js file checking for Router" time="0.016">
    </testcase>
    <testcase classname="testing app.js file checking for navbar nav" name="testing app.js file checking for navbar nav" time="0.021">
    </testcase>
    <testcase classname="testing app.js file checking for navbar link" name="testing app.js file checking for navbar link" time="0.018">
>>>>>>> c3e312d0b0b603949ce8d078e315d7322f6be314
    </testcase>
    <testcase classname="testing viewpackage.js file checking for Drawer" name="testing viewpackage.js file checking for Drawer" time="0.022">
    </testcase>
<<<<<<< HEAD
    <testcase classname="testing viewpackage.js file checking for abouts" name="testing viewpackage.js file checking for abouts" time="0.015">
    </testcase>
    <testcase classname="testing viewpackage.js file checking for Redirect" name="testing viewpackage.js file checking for Redirect" time="0.021">
    </testcase>
    <testcase classname="testing viewpackage.js file checking for class " name="testing viewpackage.js file checking for class " time="0.087">
    </testcase>
    <testcase classname="testing viewpackage.js file checking for showItinerary state" name="testing viewpackage.js file checking for showItinerary state" time="0.019">
    </testcase>
    <testcase classname="testing viewpackage.js file checking for signup section" name="testing viewpackage.js file checking for signup section" time="0.04">
    </testcase>
    <testcase classname="testing viewpackage.js file checking for form group class" name="testing viewpackage.js file checking for form group class" time="0.029">
    </testcase>
    <testcase classname="testing viewpackage.js file checking for showItinerary state" name="testing viewpackage.js file checking for showItinerary state" time="0.017">
>>>>>>> 54e9da653a71ba173450a666de4a080660a147dd
    </testcase>
    <testcase classname="testing viewpackage.js file checking for loadHome state" name="testing viewpackage.js file checking for loadHome state" time="0.014">
    </testcase>
    <testcase classname="testing viewpackage.js file checking for register Section" name="testing viewpackage.js file checking for register Section" time="0.048">
    </testcase>
    <testcase classname="testing viewpackage.js file checking for register Page id" name="testing viewpackage.js file checking for register Page id" time="0.037">
    </testcase>
    <testcase classname="testing viewpackage.js file checking for load login state" name="testing viewpackage.js file checking for load login state" time="0.035">
    </testcase>
    <testcase classname="testing viewpackage.js file checking for form group class" name="testing viewpackage.js file checking for form group class" time="0.034">
    </testcase>
    <testcase classname="testing viewpackage.js file checking for changing state" name="testing viewpackage.js file checking for changing state" time="0.036">
=======
    <testcase classname="testing viewpackage.js file checking for abouts" name="testing viewpackage.js file checking for abouts" time="0.013">
    </testcase>
    <testcase classname="testing viewpackage.js file checking for Redirect" name="testing viewpackage.js file checking for Redirect" time="0.017">
    </testcase>
    <testcase classname="testing viewpackage.js file checking for class " name="testing viewpackage.js file checking for class " time="0.072">
    </testcase>
    <testcase classname="testing viewpackage.js file checking for showItinerary state" name="testing viewpackage.js file checking for showItinerary state" time="0.014">
    </testcase>
    <testcase classname="testing viewpackage.js file checking for signup section" name="testing viewpackage.js file checking for signup section" time="0.032">
    </testcase>
    <testcase classname="testing viewpackage.js file checking for form group class" name="testing viewpackage.js file checking for form group class" time="0.016">
    </testcase>
<<<<<<< HEAD
=======
    <testcase classname="testing viewpackage.js file checking for showItinerary state" name="testing viewpackage.js file checking for showItinerary state" time="0.023">
    </testcase>
    <testcase classname="testing viewpackage.js file checking for loadHome state" name="testing viewpackage.js file checking for loadHome state" time="0.013">
    </testcase>
    <testcase classname="testing viewpackage.js file checking for register Section" name="testing viewpackage.js file checking for register Section" time="0.049">
    </testcase>
    <testcase classname="testing viewpackage.js file checking for register Page id" name="testing viewpackage.js file checking for register Page id" time="0.114">
    </testcase>
    <testcase classname="testing viewpackage.js file checking for load login state" name="testing viewpackage.js file checking for load login state" time="0.026">
    </testcase>
    <testcase classname="testing viewpackage.js file checking for form group class" name="testing viewpackage.js file checking for form group class" time="0.039">
    </testcase>
    <testcase classname="testing viewpackage.js file checking for changing state" name="testing viewpackage.js file checking for changing state" time="0.035">
>>>>>>> c3e312d0b0b603949ce8d078e315d7322f6be314
    </testcase>
    <testcase classname="testing booking.js file checking for card" name="testing booking.js file checking for card" time="0.011">
    </testcase>
    <testcase classname="testing booking.js file checking for card header" name="testing booking.js file checking for card header" time="0.004">
    </testcase>
<<<<<<< HEAD
    <testcase classname="testing booking.js file checking for button" name="testing booking.js file checking for button" time="0.005">
=======
    <testcase classname="testing booking.js file checking for button" name="testing booking.js file checking for button" time="0.004">
>>>>>>> c3e312d0b0b603949ce8d078e315d7322f6be314
    </testcase>
>>>>>>> 54e9da653a71ba173450a666de4a080660a147dd
  </testsuite>
</testsuites>